proguard/seeds.txt
com.flurry.sdk.dj$8
com.flurry.sdk.dj$8: com.flurry.sdk.dj a
com.flurry.sdk.dj$8: dj$8(com.flurry.sdk.dj)
com.flurry.sdk.dj$8: void a()
com.flurry.sdk.dj$9
com.flurry.sdk.dj$9: com.flurry.sdk.dj a
com.flurry.sdk.dj$9: dj$9(com.flurry.sdk.dj)
com.flurry.sdk.dj$9: void a()
com.flurry.sdk.dk
com.flurry.sdk.dk: java.lang.String a
com.flurry.sdk.dk: boolean b
com.flurry.sdk.dk: java.util.List c
com.flurry.sdk.dk: long d
com.flurry.sdk.dk: dk()
com.flurry.sdk.dk: void a(boolean)
com.flurry.sdk.dk: boolean a()
com.flurry.sdk.dk: void a(java.util.List)
com.flurry.sdk.dk: java.util.List b()
com.flurry.sdk.dk: void a(long)
com.flurry.sdk.dk: long c()
com.flurry.sdk.dk: void a(java.io.DataOutputStream,java.lang.String,java.lang.String)
com.flurry.sdk.dk: boolean a(java.io.DataInputStream,java.lang.String)
com.flurry.sdk.dk: boolean a(java.lang.String,java.io.DataInputStream)
com.flurry.sdk.dk: java.lang.String a(java.lang.String)
com.flurry.sdk.dk: void <clinit>()
com.flurry.sdk.dl
com.flurry.sdk.dl: java.lang.String a
com.flurry.sdk.dl: com.flurry.sdk.dl b
com.flurry.sdk.dl: java.util.Map c
com.flurry.sdk.dl: java.util.Map d
com.flurry.sdk.dl: java.lang.Object e
com.flurry.sdk.dl: com.flurry.sdk.dj f
com.flurry.sdk.dl: com.flurry.sdk.dl a()
com.flurry.sdk.dl: dl()
com.flurry.sdk.dl: int b()
com.flurry.sdk.dl: com.flurry.sdk.dj c()
com.flurry.sdk.dl: void a(com.flurry.sdk.dj)
com.flurry.sdk.dl: void a(android.content.Context,java.lang.String)
com.flurry.sdk.dl: void a(android.content.Context)
com.flurry.sdk.dl: void a(java.lang.String)
com.flurry.sdk.dl: void d()
com.flurry.sdk.dl: void <clinit>()
com.flurry.sdk.dm
com.flurry.sdk.dm: java.util.Timer a
com.flurry.sdk.dm: com.flurry.sdk.dm$a b
com.flurry.sdk.dm: com.flurry.sdk.dm$b c
com.flurry.sdk.dm: dm(com.flurry.sdk.dm$b)
com.flurry.sdk.dm: void a(long)
com.flurry.sdk.dm: void a()
com.flurry.sdk.dm: boolean b()
com.flurry.sdk.dm$a
com.flurry.sdk.dm$a: com.flurry.sdk.dm$b b
com.flurry.sdk.dm$a: com.flurry.sdk.dm a
com.flurry.sdk.dm$a: dm$a(com.flurry.sdk.dm,com.flurry.sdk.dm$b)
com.flurry.sdk.dm$a: void run()
com.flurry.sdk.dm$b
com.flurry.sdk.dm$b: void q()
com.flurry.sdk.dn
com.flurry.sdk.dn: java.lang.String a
com.flurry.sdk.dn: com.flurry.sdk.dn b
com.flurry.sdk.dn: dn()
com.flurry.sdk.dn: com.flurry.sdk.dn a()
com.flurry.sdk.dn: int b()
com.flurry.sdk.dn: int c()
com.flurry.sdk.dn: int d()
com.flurry.sdk.dn: int e()
com.flurry.sdk.dn: java.lang.String f()
com.flurry.sdk.dn: java.lang.String g()
com.flurry.sdk.dn: java.lang.String h()
com.flurry.sdk.dn: java.lang.String i()
com.flurry.sdk.dn: java.lang.String j()
com.flurry.sdk.dn: boolean k()
com.flurry.sdk.dn: java.util.Map l()
com.flurry.sdk.dn: void <clinit>()
com.flurry.sdk.do
com.flurry.sdk.do: com.flurry.sdk.do a
com.flurry.sdk.do: android.content.Context b
com.flurry.sdk.do: android.os.Handler c
com.flurry.sdk.do: android.os.Handler d
com.flurry.sdk.do: void a(android.content.Context)
com.flurry.sdk.do: com.flurry.sdk.do a()
com.flurry.sdk.do: do(android.content.Context)
com.flurry.sdk.do: android.content.Context b()
com.flurry.sdk.do: android.content.pm.PackageManager c()
com.flurry.sdk.do: void a(java.lang.Runnable)
com.flurry.sdk.do: void a(java.lang.Runnable,long)
com.flurry.sdk.do: void b(java.lang.Runnable)
com.flurry.sdk.do: void c(java.lang.Runnable)
com.flurry.sdk.do: void b(java.lang.Runnable,long)
com.flurry.sdk.do: void d(java.lang.Runnable)