proguard/mapping.txt
com.google.android.gms.drive.internal.ai -> com.google.android.gms.drive.internal.j:
    com.google.android.gms.drive.internal.OpenFileIntentSenderRequest W(android.os.Parcel) -> a
    com.google.android.gms.drive.internal.OpenFileIntentSenderRequest[] aA(int) -> a
    void a(com.google.android.gms.drive.internal.OpenFileIntentSenderRequest,android.os.Parcel,int) -> a
    java.lang.Object[] newArray(int) -> newArray
    java.lang.Object createFromParcel(android.os.Parcel) -> createFromParcel
com.google.android.gms.drive.internal.aj -> com.google.android.gms.drive.internal.k:
    com.google.android.gms.drive.internal.QueryRequest X(android.os.Parcel) -> a
    com.google.android.gms.drive.internal.QueryRequest[] aB(int) -> a
    void a(com.google.android.gms.drive.internal.QueryRequest,android.os.Parcel,int) -> a
    java.lang.Object[] newArray(int) -> newArray
    java.lang.Object createFromParcel(android.os.Parcel) -> createFromParcel
com.google.android.gms.drive.internal.ak -> com.google.android.gms.drive.internal.l:
    com.google.android.gms.drive.internal.RemoveEventListenerRequest Y(android.os.Parcel) -> a
    com.google.android.gms.drive.internal.RemoveEventListenerRequest[] aC(int) -> a
    void a(com.google.android.gms.drive.internal.RemoveEventListenerRequest,android.os.Parcel,int) -> a
    java.lang.Object[] newArray(int) -> newArray
    java.lang.Object createFromParcel(android.os.Parcel) -> createFromParcel
com.google.android.gms.drive.internal.am -> com.google.android.gms.drive.internal.m:
    com.google.android.gms.drive.internal.TrashResourceRequest Z(android.os.Parcel) -> a
    com.google.android.gms.drive.internal.TrashResourceRequest[] aD(int) -> a
    void a(com.google.android.gms.drive.internal.TrashResourceRequest,android.os.Parcel,int) -> a
    java.lang.Object[] newArray(int) -> newArray
    java.lang.Object createFromParcel(android.os.Parcel) -> createFromParcel
com.google.android.gms.drive.internal.an -> com.google.android.gms.drive.internal.n:
    com.google.android.gms.drive.internal.UpdateMetadataRequest aa(android.os.Parcel) -> a
    com.google.android.gms.drive.internal.UpdateMetadataRequest[] aE(int) -> a
    void a(com.google.android.gms.drive.internal.UpdateMetadataRequest,android.os.Parcel,int) -> a
    java.lang.Object[] newArray(int) -> newArray
    java.lang.Object createFromParcel(android.os.Parcel) -> createFromParcel
com.google.android.gms.drive.internal.b -> com.google.android.gms.drive.internal.o:
    com.google.android.gms.drive.internal.AuthorizeAccessRequest D(android.os.Parcel) -> a
    com.google.android.gms.drive.internal.AuthorizeAccessRequest[] ah(int) -> a
    void a(com.google.android.gms.drive.internal.AuthorizeAccessRequest,android.os.Parcel,int) -> a
    java.lang.Object[] newArray(int) -> newArray
    java.lang.Object createFromParcel(android.os.Parcel) -> createFromParcel
com.google.android.gms.drive.internal.d -> com.google.android.gms.drive.internal.p:
    com.google.android.gms.drive.internal.CloseContentsAndUpdateMetadataRequest E(android.os.Parcel) -> a
    com.google.android.gms.drive.internal.CloseContentsAndUpdateMetadataRequest[] ai(int) -> a
    void a(com.google.android.gms.drive.internal.CloseContentsAndUpdateMetadataRequest,android.os.Parcel,int) -> a
    java.lang.Object[] newArray(int) -> newArray
    java.lang.Object createFromParcel(android.os.Parcel) -> createFromParcel
com.google.android.gms.drive.internal.e -> com.google.android.gms.drive.internal.q:
    com.google.android.gms.drive.internal.CloseContentsRequest F(android.os.Parcel) -> a
    com.google.android.gms.drive.internal.CloseContentsRequest[] aj(int) -> a
    void a(com.google.android.gms.drive.internal.CloseContentsRequest,android.os.Parcel,int) -> a
    java.lang.Object[] newArray(int) -> newArray
    java.lang.Object createFromParcel(android.os.Parcel) -> createFromParcel