proguard/usage.txt
com.google.android.gms.drive.query.SearchableField
com.google.android.gms.drive.query.internal.ComparisonFilter:
    public ComparisonFilter(com.google.android.gms.drive.query.internal.Operator,com.google.android.gms.drive.metadata.SearchableMetadataField,java.lang.Object)
com.google.android.gms.drive.query.internal.FieldOnlyFilter:
    public FieldOnlyFilter(com.google.android.gms.drive.metadata.SearchableMetadataField)
com.google.android.gms.drive.query.internal.FilterHolder:
    public FilterHolder(com.google.android.gms.drive.query.Filter)
com.google.android.gms.drive.query.internal.InFilter:
    public InFilter(com.google.android.gms.drive.metadata.SearchableCollectionMetadataField,java.lang.Object)
com.google.android.gms.drive.query.internal.LogicalFilter:
    private java.util.List GD
    public LogicalFilter(com.google.android.gms.drive.query.internal.Operator,java.lang.Iterable)
    public varargs LogicalFilter(com.google.android.gms.drive.query.internal.Operator,com.google.android.gms.drive.query.Filter,com.google.android.gms.drive.query.Filter[])
com.google.android.gms.drive.query.internal.NotFilter:
    public NotFilter(com.google.android.gms.drive.query.Filter)
com.google.android.gms.drive.widget.DataBufferAdapter
com.google.android.gms.dynamic.LifecycleDelegate:
    public abstract void onInflate(android.app.Activity,android.os.Bundle,android.os.Bundle)
    public abstract void onCreate(android.os.Bundle)
    public abstract android.view.View onCreateView(android.view.LayoutInflater,android.view.ViewGroup,android.os.Bundle)
    public abstract void onStart()
    public abstract void onResume()
    public abstract void onPause()
    public abstract void onStop()
    public abstract void onDestroyView()
    public abstract void onDestroy()
    public abstract void onLowMemory()
    public abstract void onSaveInstanceState(android.os.Bundle)
com.google.android.gms.dynamic.a:
    private void aR(int)
    private void a(android.os.Bundle,com.google.android.gms.dynamic.a$a)
    protected abstract void a(com.google.android.gms.dynamic.f)
    public void onInflate(android.app.Activity,android.os.Bundle,android.os.Bundle)
    public void onCreate(android.os.Bundle)
    public android.view.View onCreateView(android.view.LayoutInflater,android.view.ViewGroup,android.os.Bundle)
    protected void a(android.widget.FrameLayout)
    public static void b(android.widget.FrameLayout)
    public void onStart()
    public void onResume()
    public void onPause()
    public void onStop()
    public void onDestroyView()
    public void onDestroy()
    public void onSaveInstanceState(android.os.Bundle)
    public void onLowMemory()
com.google.android.gms.dynamic.a$2
com.google.android.gms.dynamic.a$3
com.google.android.gms.dynamic.a$4
com.google.android.gms.dynamic.a$5
com.google.android.gms.dynamic.a$6
com.google.android.gms.dynamic.a$7
com.google.android.gms.dynamic.a$a:
    public abstract int getState()
com.google.android.gms.dynamic.b
com.google.android.gms.dynamic.c
com.google.android.gms.dynamic.c$a
com.google.android.gms.dynamic.c$a$a
com.google.android.gms.dynamic.h
com.google.android.gms.games.Game:
    public abstract void getDisplayName(android.database.CharArrayBuffer)
    public abstract void getDescription(android.database.CharArrayBuffer)
    public abstract void getDeveloperName(android.database.CharArrayBuffer)
com.google.android.gms.games.GameBuffer
com.google.android.gms.games.GameEntity:
    public void getDisplayName(android.database.CharArrayBuffer)
    public void getDescription(android.database.CharArrayBuffer)
    public void getDeveloperName(android.database.CharArrayBuffer)
    public boolean isDataValid()